<?xml version="1.0" encoding="UTF-8"?>
<!-- Generated by org.testng.reporters.JUnitXMLReporter -->
<testsuite hostname="MAVERICK" ignored="16" name="Automobile Test" tests="17" failures="0" timestamp="2020-03-04T08:32:10 IST" time="0.536" errors="0">
  <testcase name="enterEnginePerf" time="0.028" classname="Automobile.AutomobileVehicleData"/>
  <testcase name="enterListPrice" time="0.005" classname="Automobile.AutomobileVehicleData"/>
  <testcase name="enterManufactureDate" time="0.013" classname="Automobile.AutomobileVehicleData"/>
  <testcase name="enterMileage" time="0.031" classname="Automobile.AutomobileVehicleData"/>
  <testcase name="selectFuelType" time="0.005" classname="Automobile.AutomobileVehicleData"/>
  <testcase name="selectMake" time="0.013" classname="Automobile.AutomobileVehicleData"/>
  <testcase name="selectSeats" time="0.009" classname="Automobile.AutomobileVehicleData"/>
  <testcase name="enterDob" time="0.024" classname="Automobile.AutomobileInsurantData"/>
  <testcase name="enterFirstLastName" time="0.005" classname="Automobile.AutomobileInsurantData"/>
  <testcase name="selectGender" time="0.002" classname="Automobile.AutomobileInsurantData"/>
  <testcase name="selectInsuredSum" time="0.012" classname="Automobile.AutomobileProductData"/>
  <testcase name="selectMeritRating" time="0.004" classname="Automobile.AutomobileProductData"/>
  <testcase name="selectStartDate" time="0.012" classname="Automobile.AutomobileProductData"/>
  <testcase name="selectPricingOption" time="0.004" classname="Automobile.AutomobilePricingOption"/>
  <testcase name="enterEmailAddr" time="0.01" classname="Automobile.AutomobileSendQuote"/>
  <testcase name="enterPassword" time="0.008" classname="Automobile.AutomobileSendQuote"/>
  <testcase name="enterusername" time="0.007" classname="Automobile.AutomobileSendQuote"/>
  <testcase name="@AfterTest automobileTestTearDown" time="0.0" classname="Automobile.InitAutomobileTest">
    <ignored/>
  </testcase> <!-- @AfterTest automobileTestTearDown -->
  <testcase name="@AfterTest automobileTestTearDown" time="0.0" classname="Automobile.InitAutomobileTest">
    <ignored/>
  </testcase> <!-- @AfterTest automobileTestTearDown -->
  <testcase name="@AfterTest automobileTestTearDown" time="0.0" classname="Automobile.InitAutomobileTest">
    <ignored/>
  </testcase> <!-- @AfterTest automobileTestTearDown -->
  <testcase name="@AfterTest automobileTestTearDown" time="0.0" classname="Automobile.InitAutomobileTest">
    <ignored/>
  </testcase> <!-- @AfterTest automobileTestTearDown -->
  <testcase name="@BeforeSuite suiteInitialization" time="0.0" classname="TestSuite.InitAndTearDownTestSuite">
    <ignored/>
  </testcase> <!-- @BeforeSuite suiteInitialization -->
  <testcase name="@BeforeSuite suiteInitialization" time="0.0" classname="TestSuite.InitAndTearDownTestSuite">
    <ignored/>
  </testcase> <!-- @BeforeSuite suiteInitialization -->
  <testcase name="@BeforeSuite suiteInitialization" time="0.0" classname="TestSuite.InitAndTearDownTestSuite">
    <ignored/>
  </testcase> <!-- @BeforeSuite suiteInitialization -->
  <testcase name="@BeforeSuite suiteInitialization" time="0.0" classname="TestSuite.InitAndTearDownTestSuite">
    <ignored/>
  </testcase> <!-- @BeforeSuite suiteInitialization -->
  <testcase name="@BeforeTest automoblieTestInitilization" time="0.0" classname="Automobile.InitAutomobileTest">
    <ignored/>
  </testcase> <!-- @BeforeTest automoblieTestInitilization -->
  <testcase name="@BeforeTest automoblieTestInitilization" time="0.0" classname="Automobile.InitAutomobileTest">
    <ignored/>
  </testcase> <!-- @BeforeTest automoblieTestInitilization -->
  <testcase name="@BeforeTest automoblieTestInitilization" time="0.0" classname="Automobile.InitAutomobileTest">
    <ignored/>
  </testcase> <!-- @BeforeTest automoblieTestInitilization -->
  <testcase name="@BeforeTest automoblieTestInitilization" time="0.0" classname="Automobile.InitAutomobileTest">
    <ignored/>
  </testcase> <!-- @BeforeTest automoblieTestInitilization -->
  <testcase name="@AfterSuite suiteTearDown" time="0.0" classname="TestSuite.InitAndTearDownTestSuite">
    <ignored/>
  </testcase> <!-- @AfterSuite suiteTearDown -->
  <testcase name="@AfterSuite suiteTearDown" time="0.0" classname="TestSuite.InitAndTearDownTestSuite">
    <ignored/>
  </testcase> <!-- @AfterSuite suiteTearDown -->
  <testcase name="@AfterSuite suiteTearDown" time="0.0" classname="TestSuite.InitAndTearDownTestSuite">
    <ignored/>
  </testcase> <!-- @AfterSuite suiteTearDown -->
  <testcase name="@AfterSuite suiteTearDown" time="0.0" classname="TestSuite.InitAndTearDownTestSuite">
    <ignored/>
  </testcase> <!-- @AfterSuite suiteTearDown -->
</testsuite> <!-- Automobile Test -->
