<?xml version="1.0" encoding="UTF-8"?>
<!-- Generated by org.testng.reporters.JUnitXMLReporter -->
<testsuite hostname="MAVERICK" ignored="16" name="Camper Test" tests="17" failures="0" timestamp="2020-03-04T08:32:11 IST" time="0.092" errors="0">
  <testcase name="enterEnginePerf" time="0.001" classname="Camper.CamperVehicleData"/>
  <testcase name="enterListPrice" time="0.001" classname="Camper.CamperVehicleData"/>
  <testcase name="enterManufactureDate" time="0.001" classname="Camper.CamperVehicleData"/>
  <testcase name="enterMileage" time="0.002" classname="Camper.CamperVehicleData"/>
  <testcase name="selectFuelType" time="0.003" classname="Camper.CamperVehicleData"/>
  <testcase name="selectMake" time="0.001" classname="Camper.CamperVehicleData"/>
  <testcase name="selectSeats" time="0.001" classname="Camper.CamperVehicleData"/>
  <testcase name="enterDob" time="0.001" classname="Camper.CamperInsurantData"/>
  <testcase name="enterFirstLastName" time="0.001" classname="Camper.CamperInsurantData"/>
  <testcase name="selectGender" time="0.002" classname="Camper.CamperInsurantData"/>
  <testcase name="selectInsuredSum" time="0.001" classname="Camper.CamperProductData"/>
  <testcase name="selectMeritRating" time="0.001" classname="Camper.CamperProductData"/>
  <testcase name="selectStartDate" time="0.001" classname="Camper.CamperProductData"/>
  <testcase name="selectPricingOption" time="0.0" classname="Camper.CamperPricingOption"/>
  <testcase name="enterEmailAddr" time="0.001" classname="Camper.CamperSendQuote"/>
  <testcase name="enterPassword" time="0.0" classname="Camper.CamperSendQuote"/>
  <testcase name="enterusername" time="0.001" classname="Camper.CamperSendQuote"/>
  <testcase name="@BeforeTest camperTestInitilization" time="0.0" classname="Camper.InitCamperTest">
    <ignored/>
  </testcase> <!-- @BeforeTest camperTestInitilization -->
  <testcase name="@BeforeTest camperTestInitilization" time="0.0" classname="Camper.InitCamperTest">
    <ignored/>
  </testcase> <!-- @BeforeTest camperTestInitilization -->
  <testcase name="@BeforeTest camperTestInitilization" time="0.0" classname="Camper.InitCamperTest">
    <ignored/>
  </testcase> <!-- @BeforeTest camperTestInitilization -->
  <testcase name="@BeforeTest camperTestInitilization" time="0.0" classname="Camper.InitCamperTest">
    <ignored/>
  </testcase> <!-- @BeforeTest camperTestInitilization -->
  <testcase name="@AfterTest camperTestTearDown" time="0.0" classname="Camper.InitCamperTest">
    <ignored/>
  </testcase> <!-- @AfterTest camperTestTearDown -->
  <testcase name="@AfterTest camperTestTearDown" time="0.0" classname="Camper.InitCamperTest">
    <ignored/>
  </testcase> <!-- @AfterTest camperTestTearDown -->
  <testcase name="@AfterTest camperTestTearDown" time="0.0" classname="Camper.InitCamperTest">
    <ignored/>
  </testcase> <!-- @AfterTest camperTestTearDown -->
  <testcase name="@AfterTest camperTestTearDown" time="0.0" classname="Camper.InitCamperTest">
    <ignored/>
  </testcase> <!-- @AfterTest camperTestTearDown -->
  <testcase name="@BeforeSuite suiteInitialization" time="0.0" classname="TestSuite.InitAndTearDownTestSuite">
    <ignored/>
  </testcase> <!-- @BeforeSuite suiteInitialization -->
  <testcase name="@BeforeSuite suiteInitialization" time="0.0" classname="TestSuite.InitAndTearDownTestSuite">
    <ignored/>
  </testcase> <!-- @BeforeSuite suiteInitialization -->
  <testcase name="@BeforeSuite suiteInitialization" time="0.0" classname="TestSuite.InitAndTearDownTestSuite">
    <ignored/>
  </testcase> <!-- @BeforeSuite suiteInitialization -->
  <testcase name="@BeforeSuite suiteInitialization" time="0.0" classname="TestSuite.InitAndTearDownTestSuite">
    <ignored/>
  </testcase> <!-- @BeforeSuite suiteInitialization -->
  <testcase name="@AfterSuite suiteTearDown" time="0.0" classname="TestSuite.InitAndTearDownTestSuite">
    <ignored/>
  </testcase> <!-- @AfterSuite suiteTearDown -->
  <testcase name="@AfterSuite suiteTearDown" time="0.0" classname="TestSuite.InitAndTearDownTestSuite">
    <ignored/>
  </testcase> <!-- @AfterSuite suiteTearDown -->
  <testcase name="@AfterSuite suiteTearDown" time="0.0" classname="TestSuite.InitAndTearDownTestSuite">
    <ignored/>
  </testcase> <!-- @AfterSuite suiteTearDown -->
  <testcase name="@AfterSuite suiteTearDown" time="0.0" classname="TestSuite.InitAndTearDownTestSuite">
    <ignored/>
  </testcase> <!-- @AfterSuite suiteTearDown -->
</testsuite> <!-- Camper Test -->
