<?xml version="1.0" encoding="UTF-8"?>
<!-- Generated by org.testng.reporters.JUnitXMLReporter -->
<testsuite hostname="MAVERICK" ignored="16" name="Motorcycle Test" tests="17" failures="0" timestamp="2020-03-04T08:32:10 IST" time="0.26" errors="0">
  <testcase name="enterEnginePerf" time="0.001" classname="Motorcycle.MotorcycleVehicleData"/>
  <testcase name="enterListPrice" time="0.002" classname="Motorcycle.MotorcycleVehicleData"/>
  <testcase name="enterManufactureDate" time="0.005" classname="Motorcycle.MotorcycleVehicleData"/>
  <testcase name="enterMileage" time="0.009" classname="Motorcycle.MotorcycleVehicleData"/>
  <testcase name="selectFuelType" time="0.003" classname="Motorcycle.MotorcycleVehicleData"/>
  <testcase name="selectMake" time="0.004" classname="Motorcycle.MotorcycleVehicleData"/>
  <testcase name="selectSeats" time="0.005" classname="Motorcycle.MotorcycleVehicleData"/>
  <testcase name="enterDob" time="0.003" classname="Motorcycle.MotorcycleInsurantData"/>
  <testcase name="enterFirstLastName" time="0.002" classname="Motorcycle.MotorcycleInsurantData"/>
  <testcase name="selectGender" time="0.004" classname="Motorcycle.MotorcycleInsurantData"/>
  <testcase name="selectInsuredSum" time="0.007" classname="Motorcycle.MotorcycleProductData"/>
  <testcase name="selectMeritRating" time="0.003" classname="Motorcycle.MotorcycleProductData"/>
  <testcase name="selectStartDate" time="0.003" classname="Motorcycle.MotorcycleProductData"/>
  <testcase name="selectPricingOption" time="0.002" classname="Motorcycle.MotorcyclePricingOption"/>
  <testcase name="enterEmailAddr" time="0.004" classname="Motorcycle.MotorcycleSendQuote"/>
  <testcase name="enterPassword" time="0.002" classname="Motorcycle.MotorcycleSendQuote"/>
  <testcase name="enterusername" time="0.01" classname="Motorcycle.MotorcycleSendQuote"/>
  <testcase name="@BeforeSuite suiteInitialization" time="0.0" classname="TestSuite.InitAndTearDownTestSuite">
    <ignored/>
  </testcase> <!-- @BeforeSuite suiteInitialization -->
  <testcase name="@BeforeSuite suiteInitialization" time="0.0" classname="TestSuite.InitAndTearDownTestSuite">
    <ignored/>
  </testcase> <!-- @BeforeSuite suiteInitialization -->
  <testcase name="@BeforeSuite suiteInitialization" time="0.0" classname="TestSuite.InitAndTearDownTestSuite">
    <ignored/>
  </testcase> <!-- @BeforeSuite suiteInitialization -->
  <testcase name="@BeforeSuite suiteInitialization" time="0.0" classname="TestSuite.InitAndTearDownTestSuite">
    <ignored/>
  </testcase> <!-- @BeforeSuite suiteInitialization -->
  <testcase name="@AfterTest motorcycleTestTearDown" time="0.0" classname="Motorcycle.InitMotorcycleTest">
    <ignored/>
  </testcase> <!-- @AfterTest motorcycleTestTearDown -->
  <testcase name="@AfterTest motorcycleTestTearDown" time="0.0" classname="Motorcycle.InitMotorcycleTest">
    <ignored/>
  </testcase> <!-- @AfterTest motorcycleTestTearDown -->
  <testcase name="@AfterTest motorcycleTestTearDown" time="0.0" classname="Motorcycle.InitMotorcycleTest">
    <ignored/>
  </testcase> <!-- @AfterTest motorcycleTestTearDown -->
  <testcase name="@AfterTest motorcycleTestTearDown" time="0.0" classname="Motorcycle.InitMotorcycleTest">
    <ignored/>
  </testcase> <!-- @AfterTest motorcycleTestTearDown -->
  <testcase name="@BeforeTest motorcycleTestInitilization" time="0.0" classname="Motorcycle.InitMotorcycleTest">
    <ignored/>
  </testcase> <!-- @BeforeTest motorcycleTestInitilization -->
  <testcase name="@BeforeTest motorcycleTestInitilization" time="0.0" classname="Motorcycle.InitMotorcycleTest">
    <ignored/>
  </testcase> <!-- @BeforeTest motorcycleTestInitilization -->
  <testcase name="@BeforeTest motorcycleTestInitilization" time="0.0" classname="Motorcycle.InitMotorcycleTest">
    <ignored/>
  </testcase> <!-- @BeforeTest motorcycleTestInitilization -->
  <testcase name="@BeforeTest motorcycleTestInitilization" time="0.0" classname="Motorcycle.InitMotorcycleTest">
    <ignored/>
  </testcase> <!-- @BeforeTest motorcycleTestInitilization -->
  <testcase name="@AfterSuite suiteTearDown" time="0.0" classname="TestSuite.InitAndTearDownTestSuite">
    <ignored/>
  </testcase> <!-- @AfterSuite suiteTearDown -->
  <testcase name="@AfterSuite suiteTearDown" time="0.0" classname="TestSuite.InitAndTearDownTestSuite">
    <ignored/>
  </testcase> <!-- @AfterSuite suiteTearDown -->
  <testcase name="@AfterSuite suiteTearDown" time="0.0" classname="TestSuite.InitAndTearDownTestSuite">
    <ignored/>
  </testcase> <!-- @AfterSuite suiteTearDown -->
  <testcase name="@AfterSuite suiteTearDown" time="0.0" classname="TestSuite.InitAndTearDownTestSuite">
    <ignored/>
  </testcase> <!-- @AfterSuite suiteTearDown -->
</testsuite> <!-- Motorcycle Test -->
