<?xml version="1.0" encoding="UTF-8"?>
<!-- Generated by org.testng.reporters.JUnitXMLReporter -->
<testsuite hostname="MAVERICK" ignored="0" name="Test priority feature" tests="4" failures="0" timestamp="2020-03-03T09:37:06 IST" time="0.011" errors="0">
  <testcase name="test1" time="0.001" classname="basicTestNGAnnotations.FirstTestNGClass"/>
  <testcase name="test3" time="0.0" classname="basicTestNGAnnotations.FirstTestNGClass"/>
  <testcase name="test4" time="0.001" classname="basicTestNGAnnotations.FirstTestNGClass"/>
  <testcase name="test2" time="0.003" classname="basicTestNGAnnotations.FirstTestNGClass"/>
</testsuite> <!-- Test priority feature -->
