<?xml version="1.0" encoding="UTF-8"?>
<!-- Generated by org.testng.reporters.JUnitXMLReporter -->
<testsuite hostname="MAVERICK" ignored="70" name="Test" tests="68" failures="0" timestamp="2020-03-03T22:38:22 IST" time="0.439" errors="0">
  <testcase name="selectPricingOption" time="0.01" classname="Truck.TruckPricingOption"/>
  <testcase name="enterEmailAddr" time="0.001" classname="Camper.CamperSendQuote"/>
  <testcase name="enterPassword" time="0.004" classname="Camper.CamperSendQuote"/>
  <testcase name="enterusername" time="0.005" classname="Camper.CamperSendQuote"/>
  <testcase name="enterDob" time="0.001" classname="Truck.TruckInsurantData"/>
  <testcase name="enterFirstLastName" time="0.002" classname="Truck.TruckInsurantData"/>
  <testcase name="selectGender" time="0.003" classname="Truck.TruckInsurantData"/>
  <testcase name="enterEmailAddr" time="0.003" classname="Truck.TruckSendQuote"/>
  <testcase name="enterPassword" time="0.001" classname="Truck.TruckSendQuote"/>
  <testcase name="enterusername" time="0.001" classname="Truck.TruckSendQuote"/>
  <testcase name="selectPricingOption" time="0.001" classname="Camper.CamperPricingOption"/>
  <testcase name="selectPricingOption" time="0.001" classname="Automobile.AutomobilePricingOption"/>
  <testcase name="enterEnginePerf" time="0.001" classname="Camper.CamperVehicleData"/>
  <testcase name="enterListPrice" time="0.001" classname="Camper.CamperVehicleData"/>
  <testcase name="enterManufactureDate" time="0.001" classname="Camper.CamperVehicleData"/>
  <testcase name="enterMileage" time="0.001" classname="Camper.CamperVehicleData"/>
  <testcase name="selectFuelType" time="0.001" classname="Camper.CamperVehicleData"/>
  <testcase name="selectMake" time="0.0" classname="Camper.CamperVehicleData"/>
  <testcase name="selectSeats" time="0.001" classname="Camper.CamperVehicleData"/>
  <testcase name="enterEmailAddr" time="0.003" classname="Motorcycle.MotorcycleSendQuote"/>
  <testcase name="enterPassword" time="0.001" classname="Motorcycle.MotorcycleSendQuote"/>
  <testcase name="enterusername" time="0.002" classname="Motorcycle.MotorcycleSendQuote"/>
  <testcase name="enterDob" time="0.001" classname="Camper.CamperInsurantData"/>
  <testcase name="enterFirstLastName" time="0.002" classname="Camper.CamperInsurantData"/>
  <testcase name="selectGender" time="0.002" classname="Camper.CamperInsurantData"/>
  <testcase name="enterEmailAddr" time="0.001" classname="Automobile.AutomobileSendQuote"/>
  <testcase name="enterPassword" time="0.0" classname="Automobile.AutomobileSendQuote"/>
  <testcase name="enterusername" time="0.005" classname="Automobile.AutomobileSendQuote"/>
  <testcase name="selectInsuredSum" time="0.001" classname="Camper.CamperProductData"/>
  <testcase name="selectMeritRating" time="0.003" classname="Camper.CamperProductData"/>
  <testcase name="selectStartDate" time="0.002" classname="Camper.CamperProductData"/>
  <testcase name="enterDob" time="0.001" classname="Motorcycle.MotorcycleInsurantData"/>
  <testcase name="enterFirstLastName" time="0.008" classname="Motorcycle.MotorcycleInsurantData"/>
  <testcase name="selectGender" time="0.001" classname="Motorcycle.MotorcycleInsurantData"/>
  <testcase name="enterEnginePerf" time="0.007" classname="Motorcycle.MotorcycleVehicleData"/>
  <testcase name="enterListPrice" time="0.001" classname="Motorcycle.MotorcycleVehicleData"/>
  <testcase name="enterManufactureDate" time="0.001" classname="Motorcycle.MotorcycleVehicleData"/>
  <testcase name="enterMileage" time="0.005" classname="Motorcycle.MotorcycleVehicleData"/>
  <testcase name="selectFuelType" time="0.002" classname="Motorcycle.MotorcycleVehicleData"/>
  <testcase name="selectMake" time="0.001" classname="Motorcycle.MotorcycleVehicleData"/>
  <testcase name="selectSeats" time="0.016" classname="Motorcycle.MotorcycleVehicleData"/>
  <testcase name="selectInsuredSum" time="0.001" classname="Truck.TruckProductData"/>
  <testcase name="selectMeritRating" time="0.004" classname="Truck.TruckProductData"/>
  <testcase name="selectStartDate" time="0.001" classname="Truck.TruckProductData"/>
  <testcase name="selectInsuredSum" time="0.001" classname="Automobile.AutomobileProductData"/>
  <testcase name="selectMeritRating" time="0.001" classname="Automobile.AutomobileProductData"/>
  <testcase name="selectStartDate" time="0.001" classname="Automobile.AutomobileProductData"/>
  <testcase name="selectPricingOption" time="0.001" classname="Motorcycle.MotorcyclePricingOption"/>
  <testcase name="enterEnginePerf" time="0.0" classname="Truck.TruckVehicleData"/>
  <testcase name="enterListPrice" time="0.0" classname="Truck.TruckVehicleData"/>
  <testcase name="enterManufactureDate" time="0.004" classname="Truck.TruckVehicleData"/>
  <testcase name="enterMileage" time="0.001" classname="Truck.TruckVehicleData"/>
  <testcase name="selectFuelType" time="0.001" classname="Truck.TruckVehicleData"/>
  <testcase name="selectMake" time="0.001" classname="Truck.TruckVehicleData"/>
  <testcase name="selectSeats" time="0.0" classname="Truck.TruckVehicleData"/>
  <testcase name="selectInsuredSum" time="0.0" classname="Motorcycle.MotorcycleProductData"/>
  <testcase name="selectMeritRating" time="0.006" classname="Motorcycle.MotorcycleProductData"/>
  <testcase name="selectStartDate" time="0.001" classname="Motorcycle.MotorcycleProductData"/>
  <testcase name="enterEnginePerf" time="0.0" classname="Automobile.AutomobileVehicleData"/>
  <testcase name="enterListPrice" time="0.001" classname="Automobile.AutomobileVehicleData"/>
  <testcase name="enterManufactureDate" time="0.001" classname="Automobile.AutomobileVehicleData"/>
  <testcase name="enterMileage" time="0.001" classname="Automobile.AutomobileVehicleData"/>
  <testcase name="selectFuelType" time="0.005" classname="Automobile.AutomobileVehicleData"/>
  <testcase name="selectMake" time="0.0" classname="Automobile.AutomobileVehicleData"/>
  <testcase name="selectSeats" time="0.001" classname="Automobile.AutomobileVehicleData"/>
  <testcase name="enterDob" time="0.001" classname="Automobile.AutomobileInsurantData"/>
  <testcase name="enterFirstLastName" time="0.0" classname="Automobile.AutomobileInsurantData"/>
  <testcase name="selectGender" time="0.0" classname="Automobile.AutomobileInsurantData"/>
  <testcase name="@AfterTest truckTestTearDown" time="0.0" classname="Truck.InitTruckTest">
    <ignored/>
  </testcase> <!-- @AfterTest truckTestTearDown -->
  <testcase name="@AfterTest truckTestTearDown" time="0.0" classname="Truck.InitTruckTest">
    <ignored/>
  </testcase> <!-- @AfterTest truckTestTearDown -->
  <testcase name="@AfterTest truckTestTearDown" time="0.0" classname="Truck.InitTruckTest">
    <ignored/>
  </testcase> <!-- @AfterTest truckTestTearDown -->
  <testcase name="@AfterTest truckTestTearDown" time="0.0" classname="Truck.InitTruckTest">
    <ignored/>
  </testcase> <!-- @AfterTest truckTestTearDown -->
  <testcase name="@BeforeTest truckTestInitilization" time="0.0" classname="Truck.InitTruckTest">
    <ignored/>
  </testcase> <!-- @BeforeTest truckTestInitilization -->
  <testcase name="@BeforeTest truckTestInitilization" time="0.0" classname="Truck.InitTruckTest">
    <ignored/>
  </testcase> <!-- @BeforeTest truckTestInitilization -->
  <testcase name="@BeforeTest truckTestInitilization" time="0.0" classname="Truck.InitTruckTest">
    <ignored/>
  </testcase> <!-- @BeforeTest truckTestInitilization -->
  <testcase name="@BeforeTest truckTestInitilization" time="0.0" classname="Truck.InitTruckTest">
    <ignored/>
  </testcase> <!-- @BeforeTest truckTestInitilization -->
  <testcase name="@AfterTest camperTestTearDown" time="0.0" classname="Camper.InitCamperTest">
    <ignored/>
  </testcase> <!-- @AfterTest camperTestTearDown -->
  <testcase name="@AfterTest camperTestTearDown" time="0.0" classname="Camper.InitCamperTest">
    <ignored/>
  </testcase> <!-- @AfterTest camperTestTearDown -->
  <testcase name="@AfterTest camperTestTearDown" time="0.0" classname="Camper.InitCamperTest">
    <ignored/>
  </testcase> <!-- @AfterTest camperTestTearDown -->
  <testcase name="@AfterTest camperTestTearDown" time="0.0" classname="Camper.InitCamperTest">
    <ignored/>
  </testcase> <!-- @AfterTest camperTestTearDown -->
  <testcase name="@BeforeSuite suiteInitialization" time="0.0" classname="TestSuite.InitAndTearDownTestSuite">
    <ignored/>
  </testcase> <!-- @BeforeSuite suiteInitialization -->
  <testcase name="@BeforeSuite suiteInitialization" time="0.0" classname="TestSuite.InitAndTearDownTestSuite">
    <ignored/>
  </testcase> <!-- @BeforeSuite suiteInitialization -->
  <testcase name="@BeforeSuite suiteInitialization" time="0.0" classname="TestSuite.InitAndTearDownTestSuite">
    <ignored/>
  </testcase> <!-- @BeforeSuite suiteInitialization -->
  <testcase name="@BeforeSuite suiteInitialization" time="0.0" classname="TestSuite.InitAndTearDownTestSuite">
    <ignored/>
  </testcase> <!-- @BeforeSuite suiteInitialization -->
  <testcase name="@BeforeSuite suiteInitialization" time="0.0" classname="TestSuite.InitAndTearDownTestSuite">
    <ignored/>
  </testcase> <!-- @BeforeSuite suiteInitialization -->
  <testcase name="@BeforeSuite suiteInitialization" time="0.0" classname="TestSuite.InitAndTearDownTestSuite">
    <ignored/>
  </testcase> <!-- @BeforeSuite suiteInitialization -->
  <testcase name="@BeforeSuite suiteInitialization" time="0.0" classname="TestSuite.InitAndTearDownTestSuite">
    <ignored/>
  </testcase> <!-- @BeforeSuite suiteInitialization -->
  <testcase name="@BeforeSuite suiteInitialization" time="0.0" classname="TestSuite.InitAndTearDownTestSuite">
    <ignored/>
  </testcase> <!-- @BeforeSuite suiteInitialization -->
  <testcase name="@BeforeSuite suiteInitialization" time="0.0" classname="TestSuite.InitAndTearDownTestSuite">
    <ignored/>
  </testcase> <!-- @BeforeSuite suiteInitialization -->
  <testcase name="@BeforeSuite suiteInitialization" time="0.0" classname="TestSuite.InitAndTearDownTestSuite">
    <ignored/>
  </testcase> <!-- @BeforeSuite suiteInitialization -->
  <testcase name="@BeforeSuite suiteInitialization" time="0.0" classname="TestSuite.InitAndTearDownTestSuite">
    <ignored/>
  </testcase> <!-- @BeforeSuite suiteInitialization -->
  <testcase name="@BeforeSuite suiteInitialization" time="0.0" classname="TestSuite.InitAndTearDownTestSuite">
    <ignored/>
  </testcase> <!-- @BeforeSuite suiteInitialization -->
  <testcase name="@BeforeSuite suiteInitialization" time="0.0" classname="TestSuite.InitAndTearDownTestSuite">
    <ignored/>
  </testcase> <!-- @BeforeSuite suiteInitialization -->
  <testcase name="@BeforeSuite suiteInitialization" time="0.0" classname="TestSuite.InitAndTearDownTestSuite">
    <ignored/>
  </testcase> <!-- @BeforeSuite suiteInitialization -->
  <testcase name="@BeforeSuite suiteInitialization" time="0.0" classname="TestSuite.InitAndTearDownTestSuite">
    <ignored/>
  </testcase> <!-- @BeforeSuite suiteInitialization -->
  <testcase name="@BeforeSuite suiteInitialization" time="0.0" classname="TestSuite.InitAndTearDownTestSuite">
    <ignored/>
  </testcase> <!-- @BeforeSuite suiteInitialization -->
  <testcase name="@BeforeSuite suiteInitialization" time="0.0" classname="TestSuite.InitAndTearDownTestSuite">
    <ignored/>
  </testcase> <!-- @BeforeSuite suiteInitialization -->
  <testcase name="@BeforeSuite suiteInitialization" time="0.0" classname="TestSuite.InitAndTearDownTestSuite">
    <ignored/>
  </testcase> <!-- @BeforeSuite suiteInitialization -->
  <testcase name="@BeforeSuite suiteInitialization" time="0.0" classname="TestSuite.InitAndTearDownTestSuite">
    <ignored/>
  </testcase> <!-- @BeforeSuite suiteInitialization -->
  <testcase name="@BeforeTest motorcycleTestInitilization" time="0.0" classname="Motorcycle.InitMotorcycleTest">
    <ignored/>
  </testcase> <!-- @BeforeTest motorcycleTestInitilization -->
  <testcase name="@BeforeTest motorcycleTestInitilization" time="0.0" classname="Motorcycle.InitMotorcycleTest">
    <ignored/>
  </testcase> <!-- @BeforeTest motorcycleTestInitilization -->
  <testcase name="@BeforeTest motorcycleTestInitilization" time="0.0" classname="Motorcycle.InitMotorcycleTest">
    <ignored/>
  </testcase> <!-- @BeforeTest motorcycleTestInitilization -->
  <testcase name="@BeforeTest motorcycleTestInitilization" time="0.0" classname="Motorcycle.InitMotorcycleTest">
    <ignored/>
  </testcase> <!-- @BeforeTest motorcycleTestInitilization -->
  <testcase name="@AfterTest automobileTestTearDown" time="0.0" classname="Automobile.InitAutomobileTest">
    <ignored/>
  </testcase> <!-- @AfterTest automobileTestTearDown -->
  <testcase name="@AfterTest automobileTestTearDown" time="0.0" classname="Automobile.InitAutomobileTest">
    <ignored/>
  </testcase> <!-- @AfterTest automobileTestTearDown -->
  <testcase name="@AfterTest automobileTestTearDown" time="0.0" classname="Automobile.InitAutomobileTest">
    <ignored/>
  </testcase> <!-- @AfterTest automobileTestTearDown -->
  <testcase name="@AfterTest automobileTestTearDown" time="0.0" classname="Automobile.InitAutomobileTest">
    <ignored/>
  </testcase> <!-- @AfterTest automobileTestTearDown -->
  <testcase name="@AfterSuite suiteTearDown" time="0.0" classname="TestSuite.InitAndTearDownTestSuite">
    <ignored/>
  </testcase> <!-- @AfterSuite suiteTearDown -->
  <testcase name="@AfterSuite suiteTearDown" time="0.0" classname="TestSuite.InitAndTearDownTestSuite">
    <ignored/>
  </testcase> <!-- @AfterSuite suiteTearDown -->
  <testcase name="@AfterSuite suiteTearDown" time="0.0" classname="TestSuite.InitAndTearDownTestSuite">
    <ignored/>
  </testcase> <!-- @AfterSuite suiteTearDown -->
  <testcase name="@AfterSuite suiteTearDown" time="0.0" classname="TestSuite.InitAndTearDownTestSuite">
    <ignored/>
  </testcase> <!-- @AfterSuite suiteTearDown -->
  <testcase name="@AfterSuite suiteTearDown" time="0.0" classname="TestSuite.InitAndTearDownTestSuite">
    <ignored/>
  </testcase> <!-- @AfterSuite suiteTearDown -->
  <testcase name="@AfterSuite suiteTearDown" time="0.0" classname="TestSuite.InitAndTearDownTestSuite">
    <ignored/>
  </testcase> <!-- @AfterSuite suiteTearDown -->
  <testcase name="@AfterSuite suiteTearDown" time="0.0" classname="TestSuite.InitAndTearDownTestSuite">
    <ignored/>
  </testcase> <!-- @AfterSuite suiteTearDown -->
  <testcase name="@AfterSuite suiteTearDown" time="0.0" classname="TestSuite.InitAndTearDownTestSuite">
    <ignored/>
  </testcase> <!-- @AfterSuite suiteTearDown -->
  <testcase name="@AfterSuite suiteTearDown" time="0.0" classname="TestSuite.InitAndTearDownTestSuite">
    <ignored/>
  </testcase> <!-- @AfterSuite suiteTearDown -->
  <testcase name="@AfterSuite suiteTearDown" time="0.0" classname="TestSuite.InitAndTearDownTestSuite">
    <ignored/>
  </testcase> <!-- @AfterSuite suiteTearDown -->
  <testcase name="@AfterSuite suiteTearDown" time="0.0" classname="TestSuite.InitAndTearDownTestSuite">
    <ignored/>
  </testcase> <!-- @AfterSuite suiteTearDown -->
  <testcase name="@AfterSuite suiteTearDown" time="0.0" classname="TestSuite.InitAndTearDownTestSuite">
    <ignored/>
  </testcase> <!-- @AfterSuite suiteTearDown -->
  <testcase name="@AfterSuite suiteTearDown" time="0.0" classname="TestSuite.InitAndTearDownTestSuite">
    <ignored/>
  </testcase> <!-- @AfterSuite suiteTearDown -->
  <testcase name="@AfterSuite suiteTearDown" time="0.0" classname="TestSuite.InitAndTearDownTestSuite">
    <ignored/>
  </testcase> <!-- @AfterSuite suiteTearDown -->
  <testcase name="@AfterSuite suiteTearDown" time="0.0" classname="TestSuite.InitAndTearDownTestSuite">
    <ignored/>
  </testcase> <!-- @AfterSuite suiteTearDown -->
  <testcase name="@AfterSuite suiteTearDown" time="0.0" classname="TestSuite.InitAndTearDownTestSuite">
    <ignored/>
  </testcase> <!-- @AfterSuite suiteTearDown -->
  <testcase name="@AfterSuite suiteTearDown" time="0.0" classname="TestSuite.InitAndTearDownTestSuite">
    <ignored/>
  </testcase> <!-- @AfterSuite suiteTearDown -->
  <testcase name="@AfterSuite suiteTearDown" time="0.0" classname="TestSuite.InitAndTearDownTestSuite">
    <ignored/>
  </testcase> <!-- @AfterSuite suiteTearDown -->
  <testcase name="@AfterSuite suiteTearDown" time="0.0" classname="TestSuite.InitAndTearDownTestSuite">
    <ignored/>
  </testcase> <!-- @AfterSuite suiteTearDown -->
  <testcase name="@BeforeTest camperTestInitilization" time="0.0" classname="Camper.InitCamperTest">
    <ignored/>
  </testcase> <!-- @BeforeTest camperTestInitilization -->
  <testcase name="@BeforeTest camperTestInitilization" time="0.0" classname="Camper.InitCamperTest">
    <ignored/>
  </testcase> <!-- @BeforeTest camperTestInitilization -->
  <testcase name="@BeforeTest camperTestInitilization" time="0.0" classname="Camper.InitCamperTest">
    <ignored/>
  </testcase> <!-- @BeforeTest camperTestInitilization -->
  <testcase name="@BeforeTest camperTestInitilization" time="0.0" classname="Camper.InitCamperTest">
    <ignored/>
  </testcase> <!-- @BeforeTest camperTestInitilization -->
  <testcase name="@BeforeTest automoblieTestInitilization" time="0.0" classname="Automobile.InitAutomobileTest">
    <ignored/>
  </testcase> <!-- @BeforeTest automoblieTestInitilization -->
  <testcase name="@BeforeTest automoblieTestInitilization" time="0.0" classname="Automobile.InitAutomobileTest">
    <ignored/>
  </testcase> <!-- @BeforeTest automoblieTestInitilization -->
  <testcase name="@BeforeTest automoblieTestInitilization" time="0.0" classname="Automobile.InitAutomobileTest">
    <ignored/>
  </testcase> <!-- @BeforeTest automoblieTestInitilization -->
  <testcase name="@BeforeTest automoblieTestInitilization" time="0.0" classname="Automobile.InitAutomobileTest">
    <ignored/>
  </testcase> <!-- @BeforeTest automoblieTestInitilization -->
  <testcase name="@AfterTest motorcycleTestTearDown" time="0.0" classname="Motorcycle.InitMotorcycleTest">
    <ignored/>
  </testcase> <!-- @AfterTest motorcycleTestTearDown -->
  <testcase name="@AfterTest motorcycleTestTearDown" time="0.0" classname="Motorcycle.InitMotorcycleTest">
    <ignored/>
  </testcase> <!-- @AfterTest motorcycleTestTearDown -->
  <testcase name="@AfterTest motorcycleTestTearDown" time="0.0" classname="Motorcycle.InitMotorcycleTest">
    <ignored/>
  </testcase> <!-- @AfterTest motorcycleTestTearDown -->
  <testcase name="@AfterTest motorcycleTestTearDown" time="0.0" classname="Motorcycle.InitMotorcycleTest">
    <ignored/>
  </testcase> <!-- @AfterTest motorcycleTestTearDown -->
</testsuite> <!-- Test -->
