<?xml version="1.0" encoding="UTF-8"?>
<!-- Generated by org.testng.reporters.JUnitXMLReporter -->
<testsuite hostname="MAVERICK" ignored="0" name="Test on Firefox" tests="5" failures="0" timestamp="2020-03-10T09:57:00 IST" time="0.036" errors="0">
  <testcase name="tes1" time="0.003" classname="basicTestNGAnnotations.LearnDataProvider"/>
  <testcase name="tes1" time="0.003" classname="basicTestNGAnnotations.LearnDataProvider"/>
  <testcase name="tes1" time="0.001" classname="basicTestNGAnnotations.LearnDataProvider"/>
  <testcase name="tes1" time="0.003" classname="basicTestNGAnnotations.LearnDataProvider"/>
  <testcase name="test2" time="0.004" classname="basicTestNGAnnotations.LearnDataProvider"/>
</testsuite> <!-- Test on Firefox -->
