<?xml version="1.0" encoding="UTF-8"?>
<!-- Generated by org.testng.reporters.JUnitXMLReporter -->
<testsuite hostname="MAVERICK" ignored="0" name="Test depends on method feature" tests="3" failures="0" timestamp="2020-03-03T10:17:13 IST" time="0.054" errors="0">
  <testcase name="login" time="0.005" classname="basicTestNGAnnotations.DependsonMethod"/>
  <testcase name="verifyHomepage" time="0.003" classname="basicTestNGAnnotations.DependsonMethod"/>
  <testcase name="logout" time="0.001" classname="basicTestNGAnnotations.DependsonMethod"/>
</testsuite> <!-- Test depends on method feature -->
