<?xml version="1.0" encoding="UTF-8"?>
<!-- Generated by org.testng.reporters.JUnitXMLReporter -->
<testsuite hostname="MAVERICK" ignored="4" name="Test priority feature and depends on method" tests="7" failures="0" timestamp="2020-03-03T10:17:13 IST" time="0.036" errors="0">
  <testcase name="test1" time="0.001" classname="basicTestNGAnnotations.FirstTestNGClass"/>
  <testcase name="test3" time="0.002" classname="basicTestNGAnnotations.FirstTestNGClass"/>
  <testcase name="test4" time="0.003" classname="basicTestNGAnnotations.FirstTestNGClass"/>
  <testcase name="test2" time="0.001" classname="basicTestNGAnnotations.FirstTestNGClass"/>
  <testcase name="login" time="0.0" classname="basicTestNGAnnotations.DependsonMethod"/>
  <testcase name="verifyHomepage" time="0.001" classname="basicTestNGAnnotations.DependsonMethod"/>
  <testcase name="logout" time="0.001" classname="basicTestNGAnnotations.DependsonMethod"/>
  <testcase name="@BeforeSuite suiteInitialization" time="0.0" classname="basicTestNGAnnotations.SuiteInitializationAndTierDown">
    <ignored/>
  </testcase> <!-- @BeforeSuite suiteInitialization -->
  <testcase name="@AfterTest automobileTestTearDown" time="0.0" classname="basicTestNGAnnotations.TestInitializationAndTierDown">
    <ignored/>
  </testcase> <!-- @AfterTest automobileTestTearDown -->
  <testcase name="@AfterSuite suiteTearDown" time="0.0" classname="basicTestNGAnnotations.SuiteInitializationAndTierDown">
    <ignored/>
  </testcase> <!-- @AfterSuite suiteTearDown -->
  <testcase name="@BeforeTest automoblieTestInitilization" time="0.0" classname="basicTestNGAnnotations.TestInitializationAndTierDown">
    <ignored/>
  </testcase> <!-- @BeforeTest automoblieTestInitilization -->
</testsuite> <!-- Test priority feature and depends on method -->
