<?xml version="1.0" encoding="UTF-8"?>
<!-- Generated by org.testng.reporters.JUnitXMLReporter -->
<testsuite hostname="MAVERICK" ignored="1" name="Test on chrome" tests="4" failures="0" timestamp="2020-03-10T09:57:00 IST" time="0.076" errors="0">
  <testcase name="tes1" time="0.006" classname="basicTestNGAnnotations.LearnDataProvider"/>
  <testcase name="tes1" time="0.002" classname="basicTestNGAnnotations.LearnDataProvider"/>
  <testcase name="tes1" time="0.002" classname="basicTestNGAnnotations.LearnDataProvider"/>
  <testcase name="tes1" time="0.009" classname="basicTestNGAnnotations.LearnDataProvider"/>
  <testcase name="test2" time="0.0" classname="basicTestNGAnnotations.LearnDataProvider">
    <ignored/>
  </testcase> <!-- test2 -->
</testsuite> <!-- Test on chrome -->
