<?xml version="1.0" encoding="UTF-8"?>
<!-- Generated by org.testng.reporters.JUnitXMLReporter -->
<testsuite hostname="MAVERICK" ignored="16" name="Truck Test" tests="17" failures="0" timestamp="2020-03-04T08:32:11 IST" time="0.137" errors="0">
  <testcase name="enterEnginePerf" time="0.004" classname="Truck.TruckVehicleData"/>
  <testcase name="enterListPrice" time="0.0" classname="Truck.TruckVehicleData"/>
  <testcase name="enterManufactureDate" time="0.001" classname="Truck.TruckVehicleData"/>
  <testcase name="enterMileage" time="0.002" classname="Truck.TruckVehicleData"/>
  <testcase name="selectFuelType" time="0.003" classname="Truck.TruckVehicleData"/>
  <testcase name="selectMake" time="0.002" classname="Truck.TruckVehicleData"/>
  <testcase name="selectSeats" time="0.001" classname="Truck.TruckVehicleData"/>
  <testcase name="enterDob" time="0.002" classname="Truck.TruckInsurantData"/>
  <testcase name="enterFirstLastName" time="0.0" classname="Truck.TruckInsurantData"/>
  <testcase name="selectGender" time="0.001" classname="Truck.TruckInsurantData"/>
  <testcase name="selectInsuredSum" time="0.006" classname="Truck.TruckProductData"/>
  <testcase name="selectMeritRating" time="0.0" classname="Truck.TruckProductData"/>
  <testcase name="selectStartDate" time="0.002" classname="Truck.TruckProductData"/>
  <testcase name="selectPricingOption" time="0.001" classname="Truck.TruckPricingOption"/>
  <testcase name="enterEmailAddr" time="0.001" classname="Truck.TruckSendQuote"/>
  <testcase name="enterPassword" time="0.002" classname="Truck.TruckSendQuote"/>
  <testcase name="enterusername" time="0.01" classname="Truck.TruckSendQuote"/>
  <testcase name="@AfterTest truckTestTearDown" time="0.0" classname="Truck.InitTruckTest">
    <ignored/>
  </testcase> <!-- @AfterTest truckTestTearDown -->
  <testcase name="@AfterTest truckTestTearDown" time="0.0" classname="Truck.InitTruckTest">
    <ignored/>
  </testcase> <!-- @AfterTest truckTestTearDown -->
  <testcase name="@AfterTest truckTestTearDown" time="0.0" classname="Truck.InitTruckTest">
    <ignored/>
  </testcase> <!-- @AfterTest truckTestTearDown -->
  <testcase name="@AfterTest truckTestTearDown" time="0.0" classname="Truck.InitTruckTest">
    <ignored/>
  </testcase> <!-- @AfterTest truckTestTearDown -->
  <testcase name="@BeforeSuite suiteInitialization" time="0.0" classname="TestSuite.InitAndTearDownTestSuite">
    <ignored/>
  </testcase> <!-- @BeforeSuite suiteInitialization -->
  <testcase name="@BeforeSuite suiteInitialization" time="0.0" classname="TestSuite.InitAndTearDownTestSuite">
    <ignored/>
  </testcase> <!-- @BeforeSuite suiteInitialization -->
  <testcase name="@BeforeSuite suiteInitialization" time="0.0" classname="TestSuite.InitAndTearDownTestSuite">
    <ignored/>
  </testcase> <!-- @BeforeSuite suiteInitialization -->
  <testcase name="@BeforeSuite suiteInitialization" time="0.0" classname="TestSuite.InitAndTearDownTestSuite">
    <ignored/>
  </testcase> <!-- @BeforeSuite suiteInitialization -->
  <testcase name="@BeforeTest truckTestInitilization" time="0.0" classname="Truck.InitTruckTest">
    <ignored/>
  </testcase> <!-- @BeforeTest truckTestInitilization -->
  <testcase name="@BeforeTest truckTestInitilization" time="0.0" classname="Truck.InitTruckTest">
    <ignored/>
  </testcase> <!-- @BeforeTest truckTestInitilization -->
  <testcase name="@BeforeTest truckTestInitilization" time="0.0" classname="Truck.InitTruckTest">
    <ignored/>
  </testcase> <!-- @BeforeTest truckTestInitilization -->
  <testcase name="@BeforeTest truckTestInitilization" time="0.0" classname="Truck.InitTruckTest">
    <ignored/>
  </testcase> <!-- @BeforeTest truckTestInitilization -->
  <testcase name="@AfterSuite suiteTearDown" time="0.0" classname="TestSuite.InitAndTearDownTestSuite">
    <ignored/>
  </testcase> <!-- @AfterSuite suiteTearDown -->
  <testcase name="@AfterSuite suiteTearDown" time="0.0" classname="TestSuite.InitAndTearDownTestSuite">
    <ignored/>
  </testcase> <!-- @AfterSuite suiteTearDown -->
  <testcase name="@AfterSuite suiteTearDown" time="0.0" classname="TestSuite.InitAndTearDownTestSuite">
    <ignored/>
  </testcase> <!-- @AfterSuite suiteTearDown -->
  <testcase name="@AfterSuite suiteTearDown" time="0.0" classname="TestSuite.InitAndTearDownTestSuite">
    <ignored/>
  </testcase> <!-- @AfterSuite suiteTearDown -->
</testsuite> <!-- Truck Test -->
