<?xml version="1.0" encoding="UTF-8"?>
<testng-results skipped="0" failed="0" ignored="0" total="3" passed="3">
  <reporter-output>
  </reporter-output>
  <suite name="Suite" duration-ms="48" started-at="2020-03-04T04:25:56Z" finished-at="2020-03-04T04:25:56Z">
    <groups>
    </groups>
    <test name="Test" duration-ms="48" started-at="2020-03-04T04:25:56Z" finished-at="2020-03-04T04:25:56Z">
      <class name="TestPackage.TestScript1">
        <test-method status="PASS" signature="test1()[pri:0, instance:TestPackage.TestScript1@255b53dc]" name="test1" duration-ms="10" started-at="2020-03-04T09:55:56Z" finished-at="2020-03-04T09:55:56Z">
          <reporter-output>
          </reporter-output>
        </test-method> <!-- test1 -->
        <test-method status="PASS" signature="test2()[pri:0, instance:TestPackage.TestScript1@255b53dc]" name="test2" duration-ms="2" started-at="2020-03-04T09:55:56Z" finished-at="2020-03-04T09:55:56Z">
          <reporter-output>
          </reporter-output>
        </test-method> <!-- test2 -->
        <test-method status="PASS" signature="test3()[pri:0, instance:TestPackage.TestScript1@255b53dc]" name="test3" duration-ms="1" started-at="2020-03-04T09:55:56Z" finished-at="2020-03-04T09:55:56Z">
          <reporter-output>
          </reporter-output>
        </test-method> <!-- test3 -->
      </class> <!-- TestPackage.TestScript1 -->
    </test> <!-- Test -->
  </suite> <!-- Suite -->
</testng-results>
